[debug] [2021-02-22T21:06:48.618Z] ----------------------------------------------------------------------
[debug] [2021-02-22T21:06:48.620Z] Command:       C:\Program Files\nodejs\node.exe C:\Users\Sferanet\AppData\Roaming\npm\node_modules\firebase-tools\lib\bin\firebase.js init
[debug] [2021-02-22T21:06:48.620Z] CLI Version:   9.4.0
[debug] [2021-02-22T21:06:48.620Z] Platform:      win32
[debug] [2021-02-22T21:06:48.620Z] Node Version:  v12.19.0
[debug] [2021-02-22T21:06:48.621Z] Time:          Mon Feb 22 2021 22:06:48 GMT+0100 (GMT+01:00)
[debug] [2021-02-22T21:06:48.622Z] ----------------------------------------------------------------------
[debug] [2021-02-22T21:06:48.622Z] 
[debug] [2021-02-22T21:06:48.627Z] > command requires scopes: ["email","openid","https://www.googleapis.com/auth/cloudplatformprojects.readonly","https://www.googleapis.com/auth/firebase","https://www.googleapis.com/auth/cloud-platform"]
[debug] [2021-02-22T21:06:48.628Z] > authorizing via signed-in user
[info] 
     ######## #### ########  ######## ########     ###     ######  ########
     ##        ##  ##     ## ##       ##     ##  ##   ##  ##       ##
     ######    ##  ########  ######   ########  #########  ######  ######
     ##        ##  ##    ##  ##       ##     ## ##     ##       ## ##
     ##       #### ##     ## ######## ########  ##     ##  ######  ########

You're about to initialize a Firebase project in this directory:

  C:\Users\Sferanet\Documents\ristoapp-ui

Before we get started, keep in mind:

  * You are initializing in an existing Firebase project directory

[info] 
=== Project Setup
[info] 
[info] First, let's associate this project directory with a Firebase project.
[info] You can create multiple project aliases by running firebase use --add, 
[info] but for now we'll just set up a default project.
[info] 
[info] i  .firebaserc already has a default project, using ristoapp-ui. 
[debug] [2021-02-22T21:07:08.709Z] >>> [apiv2][query] GET https://firebase.googleapis.com/v1beta1/projects/ristoapp-ui [none]
[debug] [2021-02-22T21:07:08.962Z] <<< [apiv2][status] GET https://firebase.googleapis.com/v1beta1/projects/ristoapp-ui 200
[debug] [2021-02-22T21:07:08.963Z] <<< [apiv2][body] GET https://firebase.googleapis.com/v1beta1/projects/ristoapp-ui {"projectId":"ristoapp-ui","projectNumber":"270905871785","displayName":"ristoapp-ui","name":"projects/ristoapp-ui","resources":{"hostingSite":"ristoapp-ui"},"state":"ACTIVE"}
[info] 
=== Hosting Setup
[info] 
[info] Your public directory is the folder (relative to your project directory) that
[info] will contain Hosting assets to be uploaded with firebase deploy. If you
[info] have a build process for your assets, use your build's output directory.
[info] 
